ERROR - 2022-11-15 07:36:16 --> Error connecting to the database: mysqli_sql_exception: Unknown database 'ci4' in C:\xampp\htdocs\restoran-ci4\bag-9\ci4\system\Database\MySQLi\Connection.php:171
Stack trace:
#0 C:\xampp\htdocs\restoran-ci4\bag-9\ci4\system\Database\MySQLi\Connection.php(171): mysqli->real_connect('localhost', 'root', '', 'ci4', 3306, '', 0)
#1 C:\xampp\htdocs\restoran-ci4\bag-9\ci4\system\Database\BaseConnection.php(382): CodeIgniter\Database\MySQLi\Connection->connect(false)
#2 C:\xampp\htdocs\restoran-ci4\bag-9\ci4\system\Database\BaseConnection.php(588): CodeIgniter\Database\BaseConnection->initialize()
#3 C:\xampp\htdocs\restoran-ci4\bag-9\ci4\system\Database\BaseBuilder.php(1585): CodeIgniter\Database\BaseConnection->query('SELECT *\nFROM `...', Array, false)
#4 C:\xampp\htdocs\restoran-ci4\bag-9\ci4\system\Model.php(223): CodeIgniter\Database\BaseBuilder->get()
#5 C:\xampp\htdocs\restoran-ci4\bag-9\ci4\system\BaseModel.php(584): CodeIgniter\Model->doFindAll(0, 0)
#6 C:\xampp\htdocs\restoran-ci4\bag-9\ci4\app\Controllers\Admin\kategori.php(19): CodeIgniter\BaseModel->findAll()
#7 C:\xampp\htdocs\restoran-ci4\bag-9\ci4\system\CodeIgniter.php(902): App\Controllers\Admin\kategori->select()
#8 C:\xampp\htdocs\restoran-ci4\bag-9\ci4\system\CodeIgniter.php(457): CodeIgniter\CodeIgniter->runController(Object(App\Controllers\Admin\kategori))
#9 C:\xampp\htdocs\restoran-ci4\bag-9\ci4\system\CodeIgniter.php(340): CodeIgniter\CodeIgniter->handleRequest(NULL, Object(Config\Cache), false)
#10 C:\xampp\htdocs\restoran-ci4\bag-9\index.php(67): CodeIgniter\CodeIgniter->run()
#11 {main}

Next CodeIgniter\Database\Exceptions\DatabaseException: Unknown database 'ci4' in C:\xampp\htdocs\restoran-ci4\bag-9\ci4\system\Database\MySQLi\Connection.php:215
Stack trace:
#0 C:\xampp\htdocs\restoran-ci4\bag-9\ci4\system\Database\BaseConnection.php(382): CodeIgniter\Database\MySQLi\Connection->connect(false)
#1 C:\xampp\htdocs\restoran-ci4\bag-9\ci4\system\Database\BaseConnection.php(588): CodeIgniter\Database\BaseConnection->initialize()
#2 C:\xampp\htdocs\restoran-ci4\bag-9\ci4\system\Database\BaseBuilder.php(1585): CodeIgniter\Database\BaseConnection->query('SELECT *\nFROM `...', Array, false)
#3 C:\xampp\htdocs\restoran-ci4\bag-9\ci4\system\Model.php(223): CodeIgniter\Database\BaseBuilder->get()
#4 C:\xampp\htdocs\restoran-ci4\bag-9\ci4\system\BaseModel.php(584): CodeIgniter\Model->doFindAll(0, 0)
#5 C:\xampp\htdocs\restoran-ci4\bag-9\ci4\app\Controllers\Admin\kategori.php(19): CodeIgniter\BaseModel->findAll()
#6 C:\xampp\htdocs\restoran-ci4\bag-9\ci4\system\CodeIgniter.php(902): App\Controllers\Admin\kategori->select()
#7 C:\xampp\htdocs\restoran-ci4\bag-9\ci4\system\CodeIgniter.php(457): CodeIgniter\CodeIgniter->runController(Object(App\Controllers\Admin\kategori))
#8 C:\xampp\htdocs\restoran-ci4\bag-9\ci4\system\CodeIgniter.php(340): CodeIgniter\CodeIgniter->handleRequest(NULL, Object(Config\Cache), false)
#9 C:\xampp\htdocs\restoran-ci4\bag-9\index.php(67): CodeIgniter\CodeIgniter->run()
#10 {main}
CRITICAL - 2022-11-15 07:36:16 --> Unable to connect to the database.
Main connection [MySQLi]: Unknown database 'ci4'
in SYSTEMPATH\Database\BaseConnection.php on line 418.
 1 SYSTEMPATH\Database\BaseConnection.php(588): CodeIgniter\Database\BaseConnection->initialize()
 2 SYSTEMPATH\Database\BaseBuilder.php(1585): CodeIgniter\Database\BaseConnection->query('SELECT *
FROM `tblkategori`', [], false)
 3 SYSTEMPATH\Model.php(223): CodeIgniter\Database\BaseBuilder->get()
 4 SYSTEMPATH\BaseModel.php(584): CodeIgniter\Model->doFindAll(0, 0)
 5 APPPATH\Controllers\Admin\kategori.php(19): CodeIgniter\BaseModel->findAll()
 6 SYSTEMPATH\CodeIgniter.php(902): App\Controllers\Admin\kategori->select()
 7 SYSTEMPATH\CodeIgniter.php(457): CodeIgniter\CodeIgniter->runController(Object(App\Controllers\Admin\kategori))
 8 SYSTEMPATH\CodeIgniter.php(340): CodeIgniter\CodeIgniter->handleRequest(null, Object(Config\Cache), false)
 9 FCPATH\index.php(67): CodeIgniter\CodeIgniter->run()
ERROR - 2022-11-15 07:36:52 --> Error connecting to the database: mysqli_sql_exception: Unknown database 'ci4' in C:\xampp\htdocs\restoran-ci4\bag-9\ci4\system\Database\MySQLi\Connection.php:171
Stack trace:
#0 C:\xampp\htdocs\restoran-ci4\bag-9\ci4\system\Database\MySQLi\Connection.php(171): mysqli->real_connect('localhost', 'root', '', 'ci4', 3306, '', 0)
#1 C:\xampp\htdocs\restoran-ci4\bag-9\ci4\system\Database\BaseConnection.php(382): CodeIgniter\Database\MySQLi\Connection->connect(false)
#2 C:\xampp\htdocs\restoran-ci4\bag-9\ci4\system\Database\BaseConnection.php(588): CodeIgniter\Database\BaseConnection->initialize()
#3 C:\xampp\htdocs\restoran-ci4\bag-9\ci4\system\Database\BaseBuilder.php(1585): CodeIgniter\Database\BaseConnection->query('SELECT *\nFROM `...', Array, false)
#4 C:\xampp\htdocs\restoran-ci4\bag-9\ci4\system\Model.php(223): CodeIgniter\Database\BaseBuilder->get()
#5 C:\xampp\htdocs\restoran-ci4\bag-9\ci4\system\BaseModel.php(584): CodeIgniter\Model->doFindAll(0, 0)
#6 C:\xampp\htdocs\restoran-ci4\bag-9\ci4\app\Controllers\Admin\kategori.php(19): CodeIgniter\BaseModel->findAll()
#7 C:\xampp\htdocs\restoran-ci4\bag-9\ci4\system\CodeIgniter.php(902): App\Controllers\Admin\kategori->select()
#8 C:\xampp\htdocs\restoran-ci4\bag-9\ci4\system\CodeIgniter.php(457): CodeIgniter\CodeIgniter->runController(Object(App\Controllers\Admin\kategori))
#9 C:\xampp\htdocs\restoran-ci4\bag-9\ci4\system\CodeIgniter.php(340): CodeIgniter\CodeIgniter->handleRequest(NULL, Object(Config\Cache), false)
#10 C:\xampp\htdocs\restoran-ci4\bag-9\index.php(67): CodeIgniter\CodeIgniter->run()
#11 {main}

Next CodeIgniter\Database\Exceptions\DatabaseException: Unknown database 'ci4' in C:\xampp\htdocs\restoran-ci4\bag-9\ci4\system\Database\MySQLi\Connection.php:215
Stack trace:
#0 C:\xampp\htdocs\restoran-ci4\bag-9\ci4\system\Database\BaseConnection.php(382): CodeIgniter\Database\MySQLi\Connection->connect(false)
#1 C:\xampp\htdocs\restoran-ci4\bag-9\ci4\system\Database\BaseConnection.php(588): CodeIgniter\Database\BaseConnection->initialize()
#2 C:\xampp\htdocs\restoran-ci4\bag-9\ci4\system\Database\BaseBuilder.php(1585): CodeIgniter\Database\BaseConnection->query('SELECT *\nFROM `...', Array, false)
#3 C:\xampp\htdocs\restoran-ci4\bag-9\ci4\system\Model.php(223): CodeIgniter\Database\BaseBuilder->get()
#4 C:\xampp\htdocs\restoran-ci4\bag-9\ci4\system\BaseModel.php(584): CodeIgniter\Model->doFindAll(0, 0)
#5 C:\xampp\htdocs\restoran-ci4\bag-9\ci4\app\Controllers\Admin\kategori.php(19): CodeIgniter\BaseModel->findAll()
#6 C:\xampp\htdocs\restoran-ci4\bag-9\ci4\system\CodeIgniter.php(902): App\Controllers\Admin\kategori->select()
#7 C:\xampp\htdocs\restoran-ci4\bag-9\ci4\system\CodeIgniter.php(457): CodeIgniter\CodeIgniter->runController(Object(App\Controllers\Admin\kategori))
#8 C:\xampp\htdocs\restoran-ci4\bag-9\ci4\system\CodeIgniter.php(340): CodeIgniter\CodeIgniter->handleRequest(NULL, Object(Config\Cache), false)
#9 C:\xampp\htdocs\restoran-ci4\bag-9\index.php(67): CodeIgniter\CodeIgniter->run()
#10 {main}
CRITICAL - 2022-11-15 07:36:52 --> Unable to connect to the database.
Main connection [MySQLi]: Unknown database 'ci4'
in SYSTEMPATH\Database\BaseConnection.php on line 418.
 1 SYSTEMPATH\Database\BaseConnection.php(588): CodeIgniter\Database\BaseConnection->initialize()
 2 SYSTEMPATH\Database\BaseBuilder.php(1585): CodeIgniter\Database\BaseConnection->query('SELECT *
FROM `tblkategori`', [], false)
 3 SYSTEMPATH\Model.php(223): CodeIgniter\Database\BaseBuilder->get()
 4 SYSTEMPATH\BaseModel.php(584): CodeIgniter\Model->doFindAll(0, 0)
 5 APPPATH\Controllers\Admin\kategori.php(19): CodeIgniter\BaseModel->findAll()
 6 SYSTEMPATH\CodeIgniter.php(902): App\Controllers\Admin\kategori->select()
 7 SYSTEMPATH\CodeIgniter.php(457): CodeIgniter\CodeIgniter->runController(Object(App\Controllers\Admin\kategori))
 8 SYSTEMPATH\CodeIgniter.php(340): CodeIgniter\CodeIgniter->handleRequest(null, Object(Config\Cache), false)
 9 FCPATH\index.php(67): CodeIgniter\CodeIgniter->run()
ERROR - 2022-11-15 07:43:12 --> Error connecting to the database: mysqli_sql_exception: Unknown database 'ci4' in C:\xampp\htdocs\restoran-ci4\bag-9\ci4\system\Database\MySQLi\Connection.php:171
Stack trace:
#0 C:\xampp\htdocs\restoran-ci4\bag-9\ci4\system\Database\MySQLi\Connection.php(171): mysqli->real_connect('localhost', 'root', '', 'ci4', 3306, '', 0)
#1 C:\xampp\htdocs\restoran-ci4\bag-9\ci4\system\Database\BaseConnection.php(382): CodeIgniter\Database\MySQLi\Connection->connect(false)
#2 C:\xampp\htdocs\restoran-ci4\bag-9\ci4\system\Database\BaseConnection.php(588): CodeIgniter\Database\BaseConnection->initialize()
#3 C:\xampp\htdocs\restoran-ci4\bag-9\ci4\system\Database\BaseBuilder.php(1585): CodeIgniter\Database\BaseConnection->query('SELECT *\nFROM `...', Array, false)
#4 C:\xampp\htdocs\restoran-ci4\bag-9\ci4\system\Model.php(223): CodeIgniter\Database\BaseBuilder->get()
#5 C:\xampp\htdocs\restoran-ci4\bag-9\ci4\system\BaseModel.php(584): CodeIgniter\Model->doFindAll(0, 0)
#6 C:\xampp\htdocs\restoran-ci4\bag-9\ci4\app\Controllers\Admin\kategori.php(19): CodeIgniter\BaseModel->findAll()
#7 C:\xampp\htdocs\restoran-ci4\bag-9\ci4\system\CodeIgniter.php(902): App\Controllers\Admin\kategori->select()
#8 C:\xampp\htdocs\restoran-ci4\bag-9\ci4\system\CodeIgniter.php(457): CodeIgniter\CodeIgniter->runController(Object(App\Controllers\Admin\kategori))
#9 C:\xampp\htdocs\restoran-ci4\bag-9\ci4\system\CodeIgniter.php(340): CodeIgniter\CodeIgniter->handleRequest(NULL, Object(Config\Cache), false)
#10 C:\xampp\htdocs\restoran-ci4\bag-9\index.php(67): CodeIgniter\CodeIgniter->run()
#11 {main}

Next CodeIgniter\Database\Exceptions\DatabaseException: Unknown database 'ci4' in C:\xampp\htdocs\restoran-ci4\bag-9\ci4\system\Database\MySQLi\Connection.php:215
Stack trace:
#0 C:\xampp\htdocs\restoran-ci4\bag-9\ci4\system\Database\BaseConnection.php(382): CodeIgniter\Database\MySQLi\Connection->connect(false)
#1 C:\xampp\htdocs\restoran-ci4\bag-9\ci4\system\Database\BaseConnection.php(588): CodeIgniter\Database\BaseConnection->initialize()
#2 C:\xampp\htdocs\restoran-ci4\bag-9\ci4\system\Database\BaseBuilder.php(1585): CodeIgniter\Database\BaseConnection->query('SELECT *\nFROM `...', Array, false)
#3 C:\xampp\htdocs\restoran-ci4\bag-9\ci4\system\Model.php(223): CodeIgniter\Database\BaseBuilder->get()
#4 C:\xampp\htdocs\restoran-ci4\bag-9\ci4\system\BaseModel.php(584): CodeIgniter\Model->doFindAll(0, 0)
#5 C:\xampp\htdocs\restoran-ci4\bag-9\ci4\app\Controllers\Admin\kategori.php(19): CodeIgniter\BaseModel->findAll()
#6 C:\xampp\htdocs\restoran-ci4\bag-9\ci4\system\CodeIgniter.php(902): App\Controllers\Admin\kategori->select()
#7 C:\xampp\htdocs\restoran-ci4\bag-9\ci4\system\CodeIgniter.php(457): CodeIgniter\CodeIgniter->runController(Object(App\Controllers\Admin\kategori))
#8 C:\xampp\htdocs\restoran-ci4\bag-9\ci4\system\CodeIgniter.php(340): CodeIgniter\CodeIgniter->handleRequest(NULL, Object(Config\Cache), false)
#9 C:\xampp\htdocs\restoran-ci4\bag-9\index.php(67): CodeIgniter\CodeIgniter->run()
#10 {main}
CRITICAL - 2022-11-15 07:43:12 --> Unable to connect to the database.
Main connection [MySQLi]: Unknown database 'ci4'
in SYSTEMPATH\Database\BaseConnection.php on line 418.
 1 SYSTEMPATH\Database\BaseConnection.php(588): CodeIgniter\Database\BaseConnection->initialize()
 2 SYSTEMPATH\Database\BaseBuilder.php(1585): CodeIgniter\Database\BaseConnection->query('SELECT *
FROM `tblkategori`', [], false)
 3 SYSTEMPATH\Model.php(223): CodeIgniter\Database\BaseBuilder->get()
 4 SYSTEMPATH\BaseModel.php(584): CodeIgniter\Model->doFindAll(0, 0)
 5 APPPATH\Controllers\Admin\kategori.php(19): CodeIgniter\BaseModel->findAll()
 6 SYSTEMPATH\CodeIgniter.php(902): App\Controllers\Admin\kategori->select()
 7 SYSTEMPATH\CodeIgniter.php(457): CodeIgniter\CodeIgniter->runController(Object(App\Controllers\Admin\kategori))
 8 SYSTEMPATH\CodeIgniter.php(340): CodeIgniter\CodeIgniter->handleRequest(null, Object(Config\Cache), false)
 9 FCPATH\index.php(67): CodeIgniter\CodeIgniter->run()
ERROR - 2022-11-15 07:44:49 --> Error connecting to the database: mysqli_sql_exception: Unknown database 'ci4' in C:\xampp\htdocs\restoran-ci4\bag-9\ci4\system\Database\MySQLi\Connection.php:171
Stack trace:
#0 C:\xampp\htdocs\restoran-ci4\bag-9\ci4\system\Database\MySQLi\Connection.php(171): mysqli->real_connect('localhost', 'root', '', 'ci4', 3306, '', 0)
#1 C:\xampp\htdocs\restoran-ci4\bag-9\ci4\system\Database\BaseConnection.php(382): CodeIgniter\Database\MySQLi\Connection->connect(false)
#2 C:\xampp\htdocs\restoran-ci4\bag-9\ci4\system\Database\BaseConnection.php(588): CodeIgniter\Database\BaseConnection->initialize()
#3 C:\xampp\htdocs\restoran-ci4\bag-9\ci4\system\Database\BaseBuilder.php(1585): CodeIgniter\Database\BaseConnection->query('SELECT *\nFROM `...', Array, false)
#4 C:\xampp\htdocs\restoran-ci4\bag-9\ci4\system\Model.php(223): CodeIgniter\Database\BaseBuilder->get()
#5 C:\xampp\htdocs\restoran-ci4\bag-9\ci4\system\BaseModel.php(584): CodeIgniter\Model->doFindAll(0, 0)
#6 C:\xampp\htdocs\restoran-ci4\bag-9\ci4\app\Controllers\Admin\kategori.php(19): CodeIgniter\BaseModel->findAll()
#7 C:\xampp\htdocs\restoran-ci4\bag-9\ci4\system\CodeIgniter.php(902): App\Controllers\Admin\kategori->select()
#8 C:\xampp\htdocs\restoran-ci4\bag-9\ci4\system\CodeIgniter.php(457): CodeIgniter\CodeIgniter->runController(Object(App\Controllers\Admin\kategori))
#9 C:\xampp\htdocs\restoran-ci4\bag-9\ci4\system\CodeIgniter.php(340): CodeIgniter\CodeIgniter->handleRequest(NULL, Object(Config\Cache), false)
#10 C:\xampp\htdocs\restoran-ci4\bag-9\index.php(67): CodeIgniter\CodeIgniter->run()
#11 {main}

Next CodeIgniter\Database\Exceptions\DatabaseException: Unknown database 'ci4' in C:\xampp\htdocs\restoran-ci4\bag-9\ci4\system\Database\MySQLi\Connection.php:215
Stack trace:
#0 C:\xampp\htdocs\restoran-ci4\bag-9\ci4\system\Database\BaseConnection.php(382): CodeIgniter\Database\MySQLi\Connection->connect(false)
#1 C:\xampp\htdocs\restoran-ci4\bag-9\ci4\system\Database\BaseConnection.php(588): CodeIgniter\Database\BaseConnection->initialize()
#2 C:\xampp\htdocs\restoran-ci4\bag-9\ci4\system\Database\BaseBuilder.php(1585): CodeIgniter\Database\BaseConnection->query('SELECT *\nFROM `...', Array, false)
#3 C:\xampp\htdocs\restoran-ci4\bag-9\ci4\system\Model.php(223): CodeIgniter\Database\BaseBuilder->get()
#4 C:\xampp\htdocs\restoran-ci4\bag-9\ci4\system\BaseModel.php(584): CodeIgniter\Model->doFindAll(0, 0)
#5 C:\xampp\htdocs\restoran-ci4\bag-9\ci4\app\Controllers\Admin\kategori.php(19): CodeIgniter\BaseModel->findAll()
#6 C:\xampp\htdocs\restoran-ci4\bag-9\ci4\system\CodeIgniter.php(902): App\Controllers\Admin\kategori->select()
#7 C:\xampp\htdocs\restoran-ci4\bag-9\ci4\system\CodeIgniter.php(457): CodeIgniter\CodeIgniter->runController(Object(App\Controllers\Admin\kategori))
#8 C:\xampp\htdocs\restoran-ci4\bag-9\ci4\system\CodeIgniter.php(340): CodeIgniter\CodeIgniter->handleRequest(NULL, Object(Config\Cache), false)
#9 C:\xampp\htdocs\restoran-ci4\bag-9\index.php(67): CodeIgniter\CodeIgniter->run()
#10 {main}
CRITICAL - 2022-11-15 07:44:49 --> Unable to connect to the database.
Main connection [MySQLi]: Unknown database 'ci4'
in SYSTEMPATH\Database\BaseConnection.php on line 418.
 1 SYSTEMPATH\Database\BaseConnection.php(588): CodeIgniter\Database\BaseConnection->initialize()
 2 SYSTEMPATH\Database\BaseBuilder.php(1585): CodeIgniter\Database\BaseConnection->query('SELECT *
FROM `tblkategori`', [], false)
 3 SYSTEMPATH\Model.php(223): CodeIgniter\Database\BaseBuilder->get()
 4 SYSTEMPATH\BaseModel.php(584): CodeIgniter\Model->doFindAll(0, 0)
 5 APPPATH\Controllers\Admin\kategori.php(19): CodeIgniter\BaseModel->findAll()
 6 SYSTEMPATH\CodeIgniter.php(902): App\Controllers\Admin\kategori->select()
 7 SYSTEMPATH\CodeIgniter.php(457): CodeIgniter\CodeIgniter->runController(Object(App\Controllers\Admin\kategori))
 8 SYSTEMPATH\CodeIgniter.php(340): CodeIgniter\CodeIgniter->handleRequest(null, Object(Config\Cache), false)
 9 FCPATH\index.php(67): CodeIgniter\CodeIgniter->run()
CRITICAL - 2022-11-15 07:54:03 --> syntax error, unexpected token ";", expecting "]"
in APPPATH\Controllers\Admin\kategori.php on line 28.
 1 SYSTEMPATH\Autoloader\Autoloader.php(259): CodeIgniter\Autoloader\Autoloader->includeFile('APPPATH\\Controllers\\Admin\\kategori.php')
 2 SYSTEMPATH\Autoloader\Autoloader.php(237): CodeIgniter\Autoloader\Autoloader->loadInNamespace('App\\Controllers\\Admin\\kategori')
 3 [internal function]: CodeIgniter\Autoloader\Autoloader->loadClass('App\\Controllers\\Admin\\kategori')
 4 SYSTEMPATH\CodeIgniter.php(852): class_exists('\\App\\Controllers\\Admin\\kategori', true)
 5 SYSTEMPATH\CodeIgniter.php(444): CodeIgniter\CodeIgniter->startController()
 6 SYSTEMPATH\CodeIgniter.php(340): CodeIgniter\CodeIgniter->handleRequest(null, Object(Config\Cache), false)
 7 FCPATH\index.php(67): CodeIgniter\CodeIgniter->run()
CRITICAL - 2022-11-15 19:41:19 --> There is no data to insert.
in SYSTEMPATH\BaseModel.php on line 728.
 1 SYSTEMPATH\BaseModel.php(728): CodeIgniter\Database\Exceptions\DataException::forEmptyDataset('insert')
 2 SYSTEMPATH\Model.php(667): CodeIgniter\BaseModel->insert([], true)
 3 APPPATH\Controllers\Admin\kategori.php(45): CodeIgniter\Model->insert([...])
 4 SYSTEMPATH\CodeIgniter.php(902): App\Controllers\Admin\kategori->insert()
 5 SYSTEMPATH\CodeIgniter.php(457): CodeIgniter\CodeIgniter->runController(Object(App\Controllers\Admin\kategori))
 6 SYSTEMPATH\CodeIgniter.php(340): CodeIgniter\CodeIgniter->handleRequest(null, Object(Config\Cache), false)
 7 FCPATH\index.php(67): CodeIgniter\CodeIgniter->run()
