CRITICAL - 2022-11-29 06:27:11 --> Undefined variable $kategori
in APPPATH\Views\template\option.php on line 2.
 1 APPPATH\Views\template\option.php(2): CodeIgniter\Debug\Exceptions->errorHandler(2, 'Undefined variable $kategori', 'APPPATH\\Views\\template\\option.php', 2)
 2 SYSTEMPATH\View\View.php(213): include('APPPATH\\Views\\template\\option.php')
 3 SYSTEMPATH\View\View.php(216): CodeIgniter\View\View->CodeIgniter\View\{closure}()
 4 SYSTEMPATH\Common.php(1142): CodeIgniter\View\View->render('template/option', [], true)
 5 APPPATH\Controllers\Admin\menu.php(32): view('template/option')
 6 SYSTEMPATH\View\Cell.php(105): App\Controllers\Admin\menu->option()
 7 SYSTEMPATH\Common.php(1158): CodeIgniter\View\Cell->render('\\App\\Controllers\\Admin\\Menu::option', null, 0, 'AppControllersAdminMenuoptiondcca48101505dd86b703689a604fe3c4')
 8 APPPATH\Views\menu\form.php(6): view_cell('\\App\\Controllers\\Admin\\Menu::option')
 9 SYSTEMPATH\View\View.php(213): include('APPPATH\\Views\\menu\\form.php')
10 SYSTEMPATH\View\View.php(216): CodeIgniter\View\View->CodeIgniter\View\{closure}()
11 SYSTEMPATH\Common.php(1142): CodeIgniter\View\View->render('menu/form', [], true)
12 APPPATH\Controllers\Admin\menu.php(11): view('menu/form')
13 SYSTEMPATH\CodeIgniter.php(902): App\Controllers\Admin\menu->index()
14 SYSTEMPATH\CodeIgniter.php(457): CodeIgniter\CodeIgniter->runController(Object(App\Controllers\Admin\menu))
15 SYSTEMPATH\CodeIgniter.php(340): CodeIgniter\CodeIgniter->handleRequest(null, Object(Config\Cache), false)
16 FCPATH\index.php(67): CodeIgniter\CodeIgniter->run()
CRITICAL - 2022-11-29 06:28:11 --> Undefined variable $kategori
in APPPATH\Views\template\option.php on line 2.
 1 APPPATH\Views\template\option.php(2): CodeIgniter\Debug\Exceptions->errorHandler(2, 'Undefined variable $kategori', 'APPPATH\\Views\\template\\option.php', 2)
 2 SYSTEMPATH\View\View.php(213): include('APPPATH\\Views\\template\\option.php')
 3 SYSTEMPATH\View\View.php(216): CodeIgniter\View\View->CodeIgniter\View\{closure}()
 4 SYSTEMPATH\Common.php(1142): CodeIgniter\View\View->render('template/option', [], true)
 5 APPPATH\Controllers\Admin\menu.php(32): view('template/option')
 6 SYSTEMPATH\View\Cell.php(105): App\Controllers\Admin\menu->option()
 7 SYSTEMPATH\Common.php(1158): CodeIgniter\View\Cell->render('\\App\\Controllers\\Admin\\Menu::option', null, 0, 'AppControllersAdminMenuoptiondcca48101505dd86b703689a604fe3c4')
 8 APPPATH\Views\menu\form.php(6): view_cell('\\App\\Controllers\\Admin\\Menu::option')
 9 SYSTEMPATH\View\View.php(213): include('APPPATH\\Views\\menu\\form.php')
10 SYSTEMPATH\View\View.php(216): CodeIgniter\View\View->CodeIgniter\View\{closure}()
11 SYSTEMPATH\Common.php(1142): CodeIgniter\View\View->render('menu/form', [], true)
12 APPPATH\Controllers\Admin\menu.php(11): view('menu/form')
13 SYSTEMPATH\CodeIgniter.php(902): App\Controllers\Admin\menu->index()
14 SYSTEMPATH\CodeIgniter.php(457): CodeIgniter\CodeIgniter->runController(Object(App\Controllers\Admin\menu))
15 SYSTEMPATH\CodeIgniter.php(340): CodeIgniter\CodeIgniter->handleRequest(null, Object(Config\Cache), false)
16 FCPATH\index.php(67): CodeIgniter\CodeIgniter->run()
CRITICAL - 2022-11-29 06:29:19 --> Undefined variable $kategori
in APPPATH\Views\template\option.php on line 2.
 1 APPPATH\Views\template\option.php(2): CodeIgniter\Debug\Exceptions->errorHandler(2, 'Undefined variable $kategori', 'APPPATH\\Views\\template\\option.php', 2)
 2 SYSTEMPATH\View\View.php(213): include('APPPATH\\Views\\template\\option.php')
 3 SYSTEMPATH\View\View.php(216): CodeIgniter\View\View->CodeIgniter\View\{closure}()
 4 SYSTEMPATH\Common.php(1142): CodeIgniter\View\View->render('template/option', [], true)
 5 APPPATH\Controllers\Admin\menu.php(32): view('template/option')
 6 SYSTEMPATH\View\Cell.php(105): App\Controllers\Admin\menu->option()
 7 SYSTEMPATH\Common.php(1158): CodeIgniter\View\Cell->render('\\App\\Controllers\\Admin\\Menu::option', null, 0, 'AppControllersAdminMenuoptiondcca48101505dd86b703689a604fe3c4')
 8 APPPATH\Views\menu\form.php(6): view_cell('\\App\\Controllers\\Admin\\Menu::option')
 9 SYSTEMPATH\View\View.php(213): include('APPPATH\\Views\\menu\\form.php')
10 SYSTEMPATH\View\View.php(216): CodeIgniter\View\View->CodeIgniter\View\{closure}()
11 SYSTEMPATH\Common.php(1142): CodeIgniter\View\View->render('menu/form', [], true)
12 APPPATH\Controllers\Admin\menu.php(11): view('menu/form')
13 SYSTEMPATH\CodeIgniter.php(902): App\Controllers\Admin\menu->index()
14 SYSTEMPATH\CodeIgniter.php(457): CodeIgniter\CodeIgniter->runController(Object(App\Controllers\Admin\menu))
15 SYSTEMPATH\CodeIgniter.php(340): CodeIgniter\CodeIgniter->handleRequest(null, Object(Config\Cache), false)
16 FCPATH\index.php(67): CodeIgniter\CodeIgniter->run()
