ERROR - 2022-11-28 19:11:56 --> mysqli_sql_exception: Lock wait timeout exceeded; try restarting transaction in C:\xampp\htdocs\restoran-ci4\bag-15\ci4\system\Database\MySQLi\Connection.php:292
Stack trace:
#0 C:\xampp\htdocs\restoran-ci4\bag-15\ci4\system\Database\MySQLi\Connection.php(292): mysqli->query('DELETE FROM `tb...', 0)
#1 C:\xampp\htdocs\restoran-ci4\bag-15\ci4\system\Database\BaseConnection.php(693): CodeIgniter\Database\MySQLi\Connection->execute('DELETE FROM `tb...')
#2 C:\xampp\htdocs\restoran-ci4\bag-15\ci4\system\Database\BaseConnection.php(620): CodeIgniter\Database\BaseConnection->simpleQuery('DELETE FROM `tb...')
#3 C:\xampp\htdocs\restoran-ci4\bag-15\ci4\system\Database\BaseBuilder.php(2391): CodeIgniter\Database\BaseConnection->query('DELETE FROM `tb...', Array, false)
#4 C:\xampp\htdocs\restoran-ci4\bag-15\ci4\system\Model.php(401): CodeIgniter\Database\BaseBuilder->delete()
#5 C:\xampp\htdocs\restoran-ci4\bag-15\ci4\system\BaseModel.php(983): CodeIgniter\Model->doDelete(Array, false)
#6 C:\xampp\htdocs\restoran-ci4\bag-15\ci4\app\Controllers\Admin\kategori.php(85): CodeIgniter\BaseModel->delete(Array)
#7 C:\xampp\htdocs\restoran-ci4\bag-15\ci4\system\CodeIgniter.php(902): App\Controllers\Admin\kategori->delete('46')
#8 C:\xampp\htdocs\restoran-ci4\bag-15\ci4\system\CodeIgniter.php(457): CodeIgniter\CodeIgniter->runController(Object(App\Controllers\Admin\kategori))
#9 C:\xampp\htdocs\restoran-ci4\bag-15\ci4\system\CodeIgniter.php(340): CodeIgniter\CodeIgniter->handleRequest(NULL, Object(Config\Cache), false)
#10 C:\xampp\htdocs\restoran-ci4\bag-15\index.php(67): CodeIgniter\CodeIgniter->run()
#11 {main}
CRITICAL - 2022-11-28 19:11:56 --> Lock wait timeout exceeded; try restarting transaction
in SYSTEMPATH\Database\MySQLi\Connection.php on line 292.
 1 SYSTEMPATH\Database\MySQLi\Connection.php(292): mysqli->query('DELETE FROM `tblkategori`
WHERE `idkategori` IN (\'46\')', 0)
 2 SYSTEMPATH\Database\BaseConnection.php(693): CodeIgniter\Database\MySQLi\Connection->execute('DELETE FROM `tblkategori`
WHERE `idkategori` IN (\'46\')')
 3 SYSTEMPATH\Database\BaseConnection.php(620): CodeIgniter\Database\BaseConnection->simpleQuery('DELETE FROM `tblkategori`
WHERE `idkategori` IN (\'46\')')
 4 SYSTEMPATH\Database\BaseBuilder.php(2391): CodeIgniter\Database\BaseConnection->query('DELETE FROM `tblkategori`
WHERE `idkategori` IN :idkategori:', [...], false)
 5 SYSTEMPATH\Model.php(401): CodeIgniter\Database\BaseBuilder->delete()
 6 SYSTEMPATH\BaseModel.php(983): CodeIgniter\Model->doDelete([...], false)
 7 APPPATH\Controllers\Admin\kategori.php(85): CodeIgniter\BaseModel->delete([...])
 8 SYSTEMPATH\CodeIgniter.php(902): App\Controllers\Admin\kategori->delete('46')
 9 SYSTEMPATH\CodeIgniter.php(457): CodeIgniter\CodeIgniter->runController(Object(App\Controllers\Admin\kategori))
10 SYSTEMPATH\CodeIgniter.php(340): CodeIgniter\CodeIgniter->handleRequest(null, Object(Config\Cache), false)
11 FCPATH\index.php(67): CodeIgniter\CodeIgniter->run()
ERROR - 2022-11-28 19:11:57 --> mysqli_sql_exception: Lock wait timeout exceeded; try restarting transaction in C:\xampp\htdocs\restoran-ci4\bag-15\ci4\system\Database\MySQLi\Connection.php:292
Stack trace:
#0 C:\xampp\htdocs\restoran-ci4\bag-15\ci4\system\Database\MySQLi\Connection.php(292): mysqli->query('DELETE FROM `tb...', 0)
#1 C:\xampp\htdocs\restoran-ci4\bag-15\ci4\system\Database\BaseConnection.php(693): CodeIgniter\Database\MySQLi\Connection->execute('DELETE FROM `tb...')
#2 C:\xampp\htdocs\restoran-ci4\bag-15\ci4\system\Database\BaseConnection.php(620): CodeIgniter\Database\BaseConnection->simpleQuery('DELETE FROM `tb...')
#3 C:\xampp\htdocs\restoran-ci4\bag-15\ci4\system\Database\BaseBuilder.php(2391): CodeIgniter\Database\BaseConnection->query('DELETE FROM `tb...', Array, false)
#4 C:\xampp\htdocs\restoran-ci4\bag-15\ci4\system\Model.php(401): CodeIgniter\Database\BaseBuilder->delete()
#5 C:\xampp\htdocs\restoran-ci4\bag-15\ci4\system\BaseModel.php(983): CodeIgniter\Model->doDelete(Array, false)
#6 C:\xampp\htdocs\restoran-ci4\bag-15\ci4\app\Controllers\Admin\kategori.php(85): CodeIgniter\BaseModel->delete(Array)
#7 C:\xampp\htdocs\restoran-ci4\bag-15\ci4\system\CodeIgniter.php(902): App\Controllers\Admin\kategori->delete('46')
#8 C:\xampp\htdocs\restoran-ci4\bag-15\ci4\system\CodeIgniter.php(457): CodeIgniter\CodeIgniter->runController(Object(App\Controllers\Admin\kategori))
#9 C:\xampp\htdocs\restoran-ci4\bag-15\ci4\system\CodeIgniter.php(340): CodeIgniter\CodeIgniter->handleRequest(NULL, Object(Config\Cache), false)
#10 C:\xampp\htdocs\restoran-ci4\bag-15\index.php(67): CodeIgniter\CodeIgniter->run()
#11 {main}
CRITICAL - 2022-11-28 19:11:57 --> Lock wait timeout exceeded; try restarting transaction
in SYSTEMPATH\Database\MySQLi\Connection.php on line 292.
 1 SYSTEMPATH\Database\MySQLi\Connection.php(292): mysqli->query('DELETE FROM `tblkategori`
WHERE `idkategori` IN (\'46\')', 0)
 2 SYSTEMPATH\Database\BaseConnection.php(693): CodeIgniter\Database\MySQLi\Connection->execute('DELETE FROM `tblkategori`
WHERE `idkategori` IN (\'46\')')
 3 SYSTEMPATH\Database\BaseConnection.php(620): CodeIgniter\Database\BaseConnection->simpleQuery('DELETE FROM `tblkategori`
WHERE `idkategori` IN (\'46\')')
 4 SYSTEMPATH\Database\BaseBuilder.php(2391): CodeIgniter\Database\BaseConnection->query('DELETE FROM `tblkategori`
WHERE `idkategori` IN :idkategori:', [...], false)
 5 SYSTEMPATH\Model.php(401): CodeIgniter\Database\BaseBuilder->delete()
 6 SYSTEMPATH\BaseModel.php(983): CodeIgniter\Model->doDelete([...], false)
 7 APPPATH\Controllers\Admin\kategori.php(85): CodeIgniter\BaseModel->delete([...])
 8 SYSTEMPATH\CodeIgniter.php(902): App\Controllers\Admin\kategori->delete('46')
 9 SYSTEMPATH\CodeIgniter.php(457): CodeIgniter\CodeIgniter->runController(Object(App\Controllers\Admin\kategori))
10 SYSTEMPATH\CodeIgniter.php(340): CodeIgniter\CodeIgniter->handleRequest(null, Object(Config\Cache), false)
11 FCPATH\index.php(67): CodeIgniter\CodeIgniter->run()
ERROR - 2022-11-28 19:11:58 --> mysqli_sql_exception: Lock wait timeout exceeded; try restarting transaction in C:\xampp\htdocs\restoran-ci4\bag-15\ci4\system\Database\MySQLi\Connection.php:292
Stack trace:
#0 C:\xampp\htdocs\restoran-ci4\bag-15\ci4\system\Database\MySQLi\Connection.php(292): mysqli->query('DELETE FROM `tb...', 0)
#1 C:\xampp\htdocs\restoran-ci4\bag-15\ci4\system\Database\BaseConnection.php(693): CodeIgniter\Database\MySQLi\Connection->execute('DELETE FROM `tb...')
#2 C:\xampp\htdocs\restoran-ci4\bag-15\ci4\system\Database\BaseConnection.php(620): CodeIgniter\Database\BaseConnection->simpleQuery('DELETE FROM `tb...')
#3 C:\xampp\htdocs\restoran-ci4\bag-15\ci4\system\Database\BaseBuilder.php(2391): CodeIgniter\Database\BaseConnection->query('DELETE FROM `tb...', Array, false)
#4 C:\xampp\htdocs\restoran-ci4\bag-15\ci4\system\Model.php(401): CodeIgniter\Database\BaseBuilder->delete()
#5 C:\xampp\htdocs\restoran-ci4\bag-15\ci4\system\BaseModel.php(983): CodeIgniter\Model->doDelete(Array, false)
#6 C:\xampp\htdocs\restoran-ci4\bag-15\ci4\app\Controllers\Admin\kategori.php(85): CodeIgniter\BaseModel->delete(Array)
#7 C:\xampp\htdocs\restoran-ci4\bag-15\ci4\system\CodeIgniter.php(902): App\Controllers\Admin\kategori->delete('46')
#8 C:\xampp\htdocs\restoran-ci4\bag-15\ci4\system\CodeIgniter.php(457): CodeIgniter\CodeIgniter->runController(Object(App\Controllers\Admin\kategori))
#9 C:\xampp\htdocs\restoran-ci4\bag-15\ci4\system\CodeIgniter.php(340): CodeIgniter\CodeIgniter->handleRequest(NULL, Object(Config\Cache), false)
#10 C:\xampp\htdocs\restoran-ci4\bag-15\index.php(67): CodeIgniter\CodeIgniter->run()
#11 {main}
ERROR - 2022-11-28 19:11:58 --> mysqli_sql_exception: Lock wait timeout exceeded; try restarting transaction in C:\xampp\htdocs\restoran-ci4\bag-15\ci4\system\Database\MySQLi\Connection.php:292
Stack trace:
#0 C:\xampp\htdocs\restoran-ci4\bag-15\ci4\system\Database\MySQLi\Connection.php(292): mysqli->query('DELETE FROM `tb...', 0)
#1 C:\xampp\htdocs\restoran-ci4\bag-15\ci4\system\Database\BaseConnection.php(693): CodeIgniter\Database\MySQLi\Connection->execute('DELETE FROM `tb...')
#2 C:\xampp\htdocs\restoran-ci4\bag-15\ci4\system\Database\BaseConnection.php(620): CodeIgniter\Database\BaseConnection->simpleQuery('DELETE FROM `tb...')
#3 C:\xampp\htdocs\restoran-ci4\bag-15\ci4\system\Database\BaseBuilder.php(2391): CodeIgniter\Database\BaseConnection->query('DELETE FROM `tb...', Array, false)
#4 C:\xampp\htdocs\restoran-ci4\bag-15\ci4\system\Model.php(401): CodeIgniter\Database\BaseBuilder->delete()
#5 C:\xampp\htdocs\restoran-ci4\bag-15\ci4\system\BaseModel.php(983): CodeIgniter\Model->doDelete(Array, false)
#6 C:\xampp\htdocs\restoran-ci4\bag-15\ci4\app\Controllers\Admin\kategori.php(85): CodeIgniter\BaseModel->delete(Array)
#7 C:\xampp\htdocs\restoran-ci4\bag-15\ci4\system\CodeIgniter.php(902): App\Controllers\Admin\kategori->delete('46')
#8 C:\xampp\htdocs\restoran-ci4\bag-15\ci4\system\CodeIgniter.php(457): CodeIgniter\CodeIgniter->runController(Object(App\Controllers\Admin\kategori))
#9 C:\xampp\htdocs\restoran-ci4\bag-15\ci4\system\CodeIgniter.php(340): CodeIgniter\CodeIgniter->handleRequest(NULL, Object(Config\Cache), false)
#10 C:\xampp\htdocs\restoran-ci4\bag-15\index.php(67): CodeIgniter\CodeIgniter->run()
#11 {main}
ERROR - 2022-11-28 19:11:58 --> mysqli_sql_exception: Lock wait timeout exceeded; try restarting transaction in C:\xampp\htdocs\restoran-ci4\bag-15\ci4\system\Database\MySQLi\Connection.php:292
Stack trace:
#0 C:\xampp\htdocs\restoran-ci4\bag-15\ci4\system\Database\MySQLi\Connection.php(292): mysqli->query('DELETE FROM `tb...', 0)
#1 C:\xampp\htdocs\restoran-ci4\bag-15\ci4\system\Database\BaseConnection.php(693): CodeIgniter\Database\MySQLi\Connection->execute('DELETE FROM `tb...')
#2 C:\xampp\htdocs\restoran-ci4\bag-15\ci4\system\Database\BaseConnection.php(620): CodeIgniter\Database\BaseConnection->simpleQuery('DELETE FROM `tb...')
#3 C:\xampp\htdocs\restoran-ci4\bag-15\ci4\system\Database\BaseBuilder.php(2391): CodeIgniter\Database\BaseConnection->query('DELETE FROM `tb...', Array, false)
#4 C:\xampp\htdocs\restoran-ci4\bag-15\ci4\system\Model.php(401): CodeIgniter\Database\BaseBuilder->delete()
#5 C:\xampp\htdocs\restoran-ci4\bag-15\ci4\system\BaseModel.php(983): CodeIgniter\Model->doDelete(Array, false)
#6 C:\xampp\htdocs\restoran-ci4\bag-15\ci4\app\Controllers\Admin\kategori.php(85): CodeIgniter\BaseModel->delete(Array)
#7 C:\xampp\htdocs\restoran-ci4\bag-15\ci4\system\CodeIgniter.php(902): App\Controllers\Admin\kategori->delete('46')
#8 C:\xampp\htdocs\restoran-ci4\bag-15\ci4\system\CodeIgniter.php(457): CodeIgniter\CodeIgniter->runController(Object(App\Controllers\Admin\kategori))
#9 C:\xampp\htdocs\restoran-ci4\bag-15\ci4\system\CodeIgniter.php(340): CodeIgniter\CodeIgniter->handleRequest(NULL, Object(Config\Cache), false)
#10 C:\xampp\htdocs\restoran-ci4\bag-15\index.php(67): CodeIgniter\CodeIgniter->run()
#11 {main}
ERROR - 2022-11-28 19:11:58 --> mysqli_sql_exception: Lock wait timeout exceeded; try restarting transaction in C:\xampp\htdocs\restoran-ci4\bag-15\ci4\system\Database\MySQLi\Connection.php:292
Stack trace:
#0 C:\xampp\htdocs\restoran-ci4\bag-15\ci4\system\Database\MySQLi\Connection.php(292): mysqli->query('DELETE FROM `tb...', 0)
#1 C:\xampp\htdocs\restoran-ci4\bag-15\ci4\system\Database\BaseConnection.php(693): CodeIgniter\Database\MySQLi\Connection->execute('DELETE FROM `tb...')
#2 C:\xampp\htdocs\restoran-ci4\bag-15\ci4\system\Database\BaseConnection.php(620): CodeIgniter\Database\BaseConnection->simpleQuery('DELETE FROM `tb...')
#3 C:\xampp\htdocs\restoran-ci4\bag-15\ci4\system\Database\BaseBuilder.php(2391): CodeIgniter\Database\BaseConnection->query('DELETE FROM `tb...', Array, false)
#4 C:\xampp\htdocs\restoran-ci4\bag-15\ci4\system\Model.php(401): CodeIgniter\Database\BaseBuilder->delete()
#5 C:\xampp\htdocs\restoran-ci4\bag-15\ci4\system\BaseModel.php(983): CodeIgniter\Model->doDelete(Array, false)
#6 C:\xampp\htdocs\restoran-ci4\bag-15\ci4\app\Controllers\Admin\kategori.php(85): CodeIgniter\BaseModel->delete(Array)
#7 C:\xampp\htdocs\restoran-ci4\bag-15\ci4\system\CodeIgniter.php(902): App\Controllers\Admin\kategori->delete('46')
#8 C:\xampp\htdocs\restoran-ci4\bag-15\ci4\system\CodeIgniter.php(457): CodeIgniter\CodeIgniter->runController(Object(App\Controllers\Admin\kategori))
#9 C:\xampp\htdocs\restoran-ci4\bag-15\ci4\system\CodeIgniter.php(340): CodeIgniter\CodeIgniter->handleRequest(NULL, Object(Config\Cache), false)
#10 C:\xampp\htdocs\restoran-ci4\bag-15\index.php(67): CodeIgniter\CodeIgniter->run()
#11 {main}
CRITICAL - 2022-11-28 19:11:58 --> Lock wait timeout exceeded; try restarting transaction
in SYSTEMPATH\Database\MySQLi\Connection.php on line 292.
 1 SYSTEMPATH\Database\MySQLi\Connection.php(292): mysqli->query('DELETE FROM `tblkategori`
WHERE `idkategori` IN (\'46\')', 0)
 2 SYSTEMPATH\Database\BaseConnection.php(693): CodeIgniter\Database\MySQLi\Connection->execute('DELETE FROM `tblkategori`
WHERE `idkategori` IN (\'46\')')
 3 SYSTEMPATH\Database\BaseConnection.php(620): CodeIgniter\Database\BaseConnection->simpleQuery('DELETE FROM `tblkategori`
WHERE `idkategori` IN (\'46\')')
 4 SYSTEMPATH\Database\BaseBuilder.php(2391): CodeIgniter\Database\BaseConnection->query('DELETE FROM `tblkategori`
WHERE `idkategori` IN :idkategori:', [...], false)
 5 SYSTEMPATH\Model.php(401): CodeIgniter\Database\BaseBuilder->delete()
 6 SYSTEMPATH\BaseModel.php(983): CodeIgniter\Model->doDelete([...], false)
 7 APPPATH\Controllers\Admin\kategori.php(85): CodeIgniter\BaseModel->delete([...])
 8 SYSTEMPATH\CodeIgniter.php(902): App\Controllers\Admin\kategori->delete('46')
 9 SYSTEMPATH\CodeIgniter.php(457): CodeIgniter\CodeIgniter->runController(Object(App\Controllers\Admin\kategori))
10 SYSTEMPATH\CodeIgniter.php(340): CodeIgniter\CodeIgniter->handleRequest(null, Object(Config\Cache), false)
11 FCPATH\index.php(67): CodeIgniter\CodeIgniter->run()
CRITICAL - 2022-11-28 19:11:58 --> Lock wait timeout exceeded; try restarting transaction
in SYSTEMPATH\Database\MySQLi\Connection.php on line 292.
 1 SYSTEMPATH\Database\MySQLi\Connection.php(292): mysqli->query('DELETE FROM `tblkategori`
WHERE `idkategori` IN (\'46\')', 0)
 2 SYSTEMPATH\Database\BaseConnection.php(693): CodeIgniter\Database\MySQLi\Connection->execute('DELETE FROM `tblkategori`
WHERE `idkategori` IN (\'46\')')
 3 SYSTEMPATH\Database\BaseConnection.php(620): CodeIgniter\Database\BaseConnection->simpleQuery('DELETE FROM `tblkategori`
WHERE `idkategori` IN (\'46\')')
 4 SYSTEMPATH\Database\BaseBuilder.php(2391): CodeIgniter\Database\BaseConnection->query('DELETE FROM `tblkategori`
WHERE `idkategori` IN :idkategori:', [...], false)
 5 SYSTEMPATH\Model.php(401): CodeIgniter\Database\BaseBuilder->delete()
 6 SYSTEMPATH\BaseModel.php(983): CodeIgniter\Model->doDelete([...], false)
 7 APPPATH\Controllers\Admin\kategori.php(85): CodeIgniter\BaseModel->delete([...])
 8 SYSTEMPATH\CodeIgniter.php(902): App\Controllers\Admin\kategori->delete('46')
 9 SYSTEMPATH\CodeIgniter.php(457): CodeIgniter\CodeIgniter->runController(Object(App\Controllers\Admin\kategori))
10 SYSTEMPATH\CodeIgniter.php(340): CodeIgniter\CodeIgniter->handleRequest(null, Object(Config\Cache), false)
11 FCPATH\index.php(67): CodeIgniter\CodeIgniter->run()
CRITICAL - 2022-11-28 19:11:58 --> Lock wait timeout exceeded; try restarting transaction
in SYSTEMPATH\Database\MySQLi\Connection.php on line 292.
 1 SYSTEMPATH\Database\MySQLi\Connection.php(292): mysqli->query('DELETE FROM `tblkategori`
WHERE `idkategori` IN (\'46\')', 0)
 2 SYSTEMPATH\Database\BaseConnection.php(693): CodeIgniter\Database\MySQLi\Connection->execute('DELETE FROM `tblkategori`
WHERE `idkategori` IN (\'46\')')
 3 SYSTEMPATH\Database\BaseConnection.php(620): CodeIgniter\Database\BaseConnection->simpleQuery('DELETE FROM `tblkategori`
WHERE `idkategori` IN (\'46\')')
 4 SYSTEMPATH\Database\BaseBuilder.php(2391): CodeIgniter\Database\BaseConnection->query('DELETE FROM `tblkategori`
WHERE `idkategori` IN :idkategori:', [...], false)
 5 SYSTEMPATH\Model.php(401): CodeIgniter\Database\BaseBuilder->delete()
 6 SYSTEMPATH\BaseModel.php(983): CodeIgniter\Model->doDelete([...], false)
 7 APPPATH\Controllers\Admin\kategori.php(85): CodeIgniter\BaseModel->delete([...])
 8 SYSTEMPATH\CodeIgniter.php(902): App\Controllers\Admin\kategori->delete('46')
 9 SYSTEMPATH\CodeIgniter.php(457): CodeIgniter\CodeIgniter->runController(Object(App\Controllers\Admin\kategori))
10 SYSTEMPATH\CodeIgniter.php(340): CodeIgniter\CodeIgniter->handleRequest(null, Object(Config\Cache), false)
11 FCPATH\index.php(67): CodeIgniter\CodeIgniter->run()
CRITICAL - 2022-11-28 19:11:58 --> Lock wait timeout exceeded; try restarting transaction
in SYSTEMPATH\Database\MySQLi\Connection.php on line 292.
 1 SYSTEMPATH\Database\MySQLi\Connection.php(292): mysqli->query('DELETE FROM `tblkategori`
WHERE `idkategori` IN (\'46\')', 0)
 2 SYSTEMPATH\Database\BaseConnection.php(693): CodeIgniter\Database\MySQLi\Connection->execute('DELETE FROM `tblkategori`
WHERE `idkategori` IN (\'46\')')
 3 SYSTEMPATH\Database\BaseConnection.php(620): CodeIgniter\Database\BaseConnection->simpleQuery('DELETE FROM `tblkategori`
WHERE `idkategori` IN (\'46\')')
 4 SYSTEMPATH\Database\BaseBuilder.php(2391): CodeIgniter\Database\BaseConnection->query('DELETE FROM `tblkategori`
WHERE `idkategori` IN :idkategori:', [...], false)
 5 SYSTEMPATH\Model.php(401): CodeIgniter\Database\BaseBuilder->delete()
 6 SYSTEMPATH\BaseModel.php(983): CodeIgniter\Model->doDelete([...], false)
 7 APPPATH\Controllers\Admin\kategori.php(85): CodeIgniter\BaseModel->delete([...])
 8 SYSTEMPATH\CodeIgniter.php(902): App\Controllers\Admin\kategori->delete('46')
 9 SYSTEMPATH\CodeIgniter.php(457): CodeIgniter\CodeIgniter->runController(Object(App\Controllers\Admin\kategori))
10 SYSTEMPATH\CodeIgniter.php(340): CodeIgniter\CodeIgniter->handleRequest(null, Object(Config\Cache), false)
11 FCPATH\index.php(67): CodeIgniter\CodeIgniter->run()
ERROR - 2022-11-28 19:12:05 --> mysqli_sql_exception: Lock wait timeout exceeded; try restarting transaction in C:\xampp\htdocs\restoran-ci4\bag-15\ci4\system\Database\MySQLi\Connection.php:292
Stack trace:
#0 C:\xampp\htdocs\restoran-ci4\bag-15\ci4\system\Database\MySQLi\Connection.php(292): mysqli->query('DELETE FROM `tb...', 0)
#1 C:\xampp\htdocs\restoran-ci4\bag-15\ci4\system\Database\BaseConnection.php(693): CodeIgniter\Database\MySQLi\Connection->execute('DELETE FROM `tb...')
#2 C:\xampp\htdocs\restoran-ci4\bag-15\ci4\system\Database\BaseConnection.php(620): CodeIgniter\Database\BaseConnection->simpleQuery('DELETE FROM `tb...')
#3 C:\xampp\htdocs\restoran-ci4\bag-15\ci4\system\Database\BaseBuilder.php(2391): CodeIgniter\Database\BaseConnection->query('DELETE FROM `tb...', Array, false)
#4 C:\xampp\htdocs\restoran-ci4\bag-15\ci4\system\Model.php(401): CodeIgniter\Database\BaseBuilder->delete()
#5 C:\xampp\htdocs\restoran-ci4\bag-15\ci4\system\BaseModel.php(983): CodeIgniter\Model->doDelete(Array, false)
#6 C:\xampp\htdocs\restoran-ci4\bag-15\ci4\app\Controllers\Admin\kategori.php(85): CodeIgniter\BaseModel->delete(Array)
#7 C:\xampp\htdocs\restoran-ci4\bag-15\ci4\system\CodeIgniter.php(902): App\Controllers\Admin\kategori->delete('46')
#8 C:\xampp\htdocs\restoran-ci4\bag-15\ci4\system\CodeIgniter.php(457): CodeIgniter\CodeIgniter->runController(Object(App\Controllers\Admin\kategori))
#9 C:\xampp\htdocs\restoran-ci4\bag-15\ci4\system\CodeIgniter.php(340): CodeIgniter\CodeIgniter->handleRequest(NULL, Object(Config\Cache), false)
#10 C:\xampp\htdocs\restoran-ci4\bag-15\index.php(67): CodeIgniter\CodeIgniter->run()
#11 {main}
CRITICAL - 2022-11-28 19:12:05 --> Lock wait timeout exceeded; try restarting transaction
in SYSTEMPATH\Database\MySQLi\Connection.php on line 292.
 1 SYSTEMPATH\Database\MySQLi\Connection.php(292): mysqli->query('DELETE FROM `tblkategori`
WHERE `idkategori` IN (\'46\')', 0)
 2 SYSTEMPATH\Database\BaseConnection.php(693): CodeIgniter\Database\MySQLi\Connection->execute('DELETE FROM `tblkategori`
WHERE `idkategori` IN (\'46\')')
 3 SYSTEMPATH\Database\BaseConnection.php(620): CodeIgniter\Database\BaseConnection->simpleQuery('DELETE FROM `tblkategori`
WHERE `idkategori` IN (\'46\')')
 4 SYSTEMPATH\Database\BaseBuilder.php(2391): CodeIgniter\Database\BaseConnection->query('DELETE FROM `tblkategori`
WHERE `idkategori` IN :idkategori:', [...], false)
 5 SYSTEMPATH\Model.php(401): CodeIgniter\Database\BaseBuilder->delete()
 6 SYSTEMPATH\BaseModel.php(983): CodeIgniter\Model->doDelete([...], false)
 7 APPPATH\Controllers\Admin\kategori.php(85): CodeIgniter\BaseModel->delete([...])
 8 SYSTEMPATH\CodeIgniter.php(902): App\Controllers\Admin\kategori->delete('46')
 9 SYSTEMPATH\CodeIgniter.php(457): CodeIgniter\CodeIgniter->runController(Object(App\Controllers\Admin\kategori))
10 SYSTEMPATH\CodeIgniter.php(340): CodeIgniter\CodeIgniter->handleRequest(null, Object(Config\Cache), false)
11 FCPATH\index.php(67): CodeIgniter\CodeIgniter->run()
ERROR - 2022-11-28 19:13:14 --> mysqli_sql_exception: Lock wait timeout exceeded; try restarting transaction in C:\xampp\htdocs\restoran-ci4\bag-15\ci4\system\Database\MySQLi\Connection.php:292
Stack trace:
#0 C:\xampp\htdocs\restoran-ci4\bag-15\ci4\system\Database\MySQLi\Connection.php(292): mysqli->query('DELETE FROM `tb...', 0)
#1 C:\xampp\htdocs\restoran-ci4\bag-15\ci4\system\Database\BaseConnection.php(693): CodeIgniter\Database\MySQLi\Connection->execute('DELETE FROM `tb...')
#2 C:\xampp\htdocs\restoran-ci4\bag-15\ci4\system\Database\BaseConnection.php(620): CodeIgniter\Database\BaseConnection->simpleQuery('DELETE FROM `tb...')
#3 C:\xampp\htdocs\restoran-ci4\bag-15\ci4\system\Database\BaseBuilder.php(2391): CodeIgniter\Database\BaseConnection->query('DELETE FROM `tb...', Array, false)
#4 C:\xampp\htdocs\restoran-ci4\bag-15\ci4\system\Model.php(401): CodeIgniter\Database\BaseBuilder->delete()
#5 C:\xampp\htdocs\restoran-ci4\bag-15\ci4\system\BaseModel.php(983): CodeIgniter\Model->doDelete(Array, false)
#6 C:\xampp\htdocs\restoran-ci4\bag-15\ci4\app\Controllers\Admin\kategori.php(85): CodeIgniter\BaseModel->delete(Array)
#7 C:\xampp\htdocs\restoran-ci4\bag-15\ci4\system\CodeIgniter.php(902): App\Controllers\Admin\kategori->delete('46')
#8 C:\xampp\htdocs\restoran-ci4\bag-15\ci4\system\CodeIgniter.php(457): CodeIgniter\CodeIgniter->runController(Object(App\Controllers\Admin\kategori))
#9 C:\xampp\htdocs\restoran-ci4\bag-15\ci4\system\CodeIgniter.php(340): CodeIgniter\CodeIgniter->handleRequest(NULL, Object(Config\Cache), false)
#10 C:\xampp\htdocs\restoran-ci4\bag-15\index.php(67): CodeIgniter\CodeIgniter->run()
#11 {main}
CRITICAL - 2022-11-28 19:13:14 --> Lock wait timeout exceeded; try restarting transaction
in SYSTEMPATH\Database\MySQLi\Connection.php on line 292.
 1 SYSTEMPATH\Database\MySQLi\Connection.php(292): mysqli->query('DELETE FROM `tblkategori`
WHERE `idkategori` IN (\'46\')', 0)
 2 SYSTEMPATH\Database\BaseConnection.php(693): CodeIgniter\Database\MySQLi\Connection->execute('DELETE FROM `tblkategori`
WHERE `idkategori` IN (\'46\')')
 3 SYSTEMPATH\Database\BaseConnection.php(620): CodeIgniter\Database\BaseConnection->simpleQuery('DELETE FROM `tblkategori`
WHERE `idkategori` IN (\'46\')')
 4 SYSTEMPATH\Database\BaseBuilder.php(2391): CodeIgniter\Database\BaseConnection->query('DELETE FROM `tblkategori`
WHERE `idkategori` IN :idkategori:', [...], false)
 5 SYSTEMPATH\Model.php(401): CodeIgniter\Database\BaseBuilder->delete()
 6 SYSTEMPATH\BaseModel.php(983): CodeIgniter\Model->doDelete([...], false)
 7 APPPATH\Controllers\Admin\kategori.php(85): CodeIgniter\BaseModel->delete([...])
 8 SYSTEMPATH\CodeIgniter.php(902): App\Controllers\Admin\kategori->delete('46')
 9 SYSTEMPATH\CodeIgniter.php(457): CodeIgniter\CodeIgniter->runController(Object(App\Controllers\Admin\kategori))
10 SYSTEMPATH\CodeIgniter.php(340): CodeIgniter\CodeIgniter->handleRequest(null, Object(Config\Cache), false)
11 FCPATH\index.php(67): CodeIgniter\CodeIgniter->run()
ERROR - 2022-11-28 19:14:31 --> mysqli_sql_exception: Lock wait timeout exceeded; try restarting transaction in C:\xampp\htdocs\restoran-ci4\bag-15\ci4\system\Database\MySQLi\Connection.php:292
Stack trace:
#0 C:\xampp\htdocs\restoran-ci4\bag-15\ci4\system\Database\MySQLi\Connection.php(292): mysqli->query('DELETE FROM `tb...', 0)
#1 C:\xampp\htdocs\restoran-ci4\bag-15\ci4\system\Database\BaseConnection.php(693): CodeIgniter\Database\MySQLi\Connection->execute('DELETE FROM `tb...')
#2 C:\xampp\htdocs\restoran-ci4\bag-15\ci4\system\Database\BaseConnection.php(620): CodeIgniter\Database\BaseConnection->simpleQuery('DELETE FROM `tb...')
#3 C:\xampp\htdocs\restoran-ci4\bag-15\ci4\system\Database\BaseBuilder.php(2391): CodeIgniter\Database\BaseConnection->query('DELETE FROM `tb...', Array, false)
#4 C:\xampp\htdocs\restoran-ci4\bag-15\ci4\system\Model.php(401): CodeIgniter\Database\BaseBuilder->delete()
#5 C:\xampp\htdocs\restoran-ci4\bag-15\ci4\system\BaseModel.php(983): CodeIgniter\Model->doDelete(Array, false)
#6 C:\xampp\htdocs\restoran-ci4\bag-15\ci4\app\Controllers\Admin\kategori.php(85): CodeIgniter\BaseModel->delete(Array)
#7 C:\xampp\htdocs\restoran-ci4\bag-15\ci4\system\CodeIgniter.php(902): App\Controllers\Admin\kategori->delete('46')
#8 C:\xampp\htdocs\restoran-ci4\bag-15\ci4\system\CodeIgniter.php(457): CodeIgniter\CodeIgniter->runController(Object(App\Controllers\Admin\kategori))
#9 C:\xampp\htdocs\restoran-ci4\bag-15\ci4\system\CodeIgniter.php(340): CodeIgniter\CodeIgniter->handleRequest(NULL, Object(Config\Cache), false)
#10 C:\xampp\htdocs\restoran-ci4\bag-15\index.php(67): CodeIgniter\CodeIgniter->run()
#11 {main}
CRITICAL - 2022-11-28 19:14:31 --> Lock wait timeout exceeded; try restarting transaction
in SYSTEMPATH\Database\MySQLi\Connection.php on line 292.
 1 SYSTEMPATH\Database\MySQLi\Connection.php(292): mysqli->query('DELETE FROM `tblkategori`
WHERE `idkategori` IN (\'46\')', 0)
 2 SYSTEMPATH\Database\BaseConnection.php(693): CodeIgniter\Database\MySQLi\Connection->execute('DELETE FROM `tblkategori`
WHERE `idkategori` IN (\'46\')')
 3 SYSTEMPATH\Database\BaseConnection.php(620): CodeIgniter\Database\BaseConnection->simpleQuery('DELETE FROM `tblkategori`
WHERE `idkategori` IN (\'46\')')
 4 SYSTEMPATH\Database\BaseBuilder.php(2391): CodeIgniter\Database\BaseConnection->query('DELETE FROM `tblkategori`
WHERE `idkategori` IN :idkategori:', [...], false)
 5 SYSTEMPATH\Model.php(401): CodeIgniter\Database\BaseBuilder->delete()
 6 SYSTEMPATH\BaseModel.php(983): CodeIgniter\Model->doDelete([...], false)
 7 APPPATH\Controllers\Admin\kategori.php(85): CodeIgniter\BaseModel->delete([...])
 8 SYSTEMPATH\CodeIgniter.php(902): App\Controllers\Admin\kategori->delete('46')
 9 SYSTEMPATH\CodeIgniter.php(457): CodeIgniter\CodeIgniter->runController(Object(App\Controllers\Admin\kategori))
10 SYSTEMPATH\CodeIgniter.php(340): CodeIgniter\CodeIgniter->handleRequest(null, Object(Config\Cache), false)
11 FCPATH\index.php(67): CodeIgniter\CodeIgniter->run()
ERROR - 2022-11-28 19:16:38 --> mysqli_sql_exception: Lock wait timeout exceeded; try restarting transaction in C:\xampp\htdocs\restoran-ci4\bag-15\ci4\system\Database\MySQLi\Connection.php:292
Stack trace:
#0 C:\xampp\htdocs\restoran-ci4\bag-15\ci4\system\Database\MySQLi\Connection.php(292): mysqli->query('DELETE FROM `tb...', 0)
#1 C:\xampp\htdocs\restoran-ci4\bag-15\ci4\system\Database\BaseConnection.php(693): CodeIgniter\Database\MySQLi\Connection->execute('DELETE FROM `tb...')
#2 C:\xampp\htdocs\restoran-ci4\bag-15\ci4\system\Database\BaseConnection.php(620): CodeIgniter\Database\BaseConnection->simpleQuery('DELETE FROM `tb...')
#3 C:\xampp\htdocs\restoran-ci4\bag-15\ci4\system\Database\BaseBuilder.php(2391): CodeIgniter\Database\BaseConnection->query('DELETE FROM `tb...', Array, false)
#4 C:\xampp\htdocs\restoran-ci4\bag-15\ci4\system\Model.php(401): CodeIgniter\Database\BaseBuilder->delete()
#5 C:\xampp\htdocs\restoran-ci4\bag-15\ci4\system\BaseModel.php(983): CodeIgniter\Model->doDelete(Array, false)
#6 C:\xampp\htdocs\restoran-ci4\bag-15\ci4\app\Controllers\Admin\kategori.php(85): CodeIgniter\BaseModel->delete(Array)
#7 C:\xampp\htdocs\restoran-ci4\bag-15\ci4\system\CodeIgniter.php(902): App\Controllers\Admin\kategori->delete('46')
#8 C:\xampp\htdocs\restoran-ci4\bag-15\ci4\system\CodeIgniter.php(457): CodeIgniter\CodeIgniter->runController(Object(App\Controllers\Admin\kategori))
#9 C:\xampp\htdocs\restoran-ci4\bag-15\ci4\system\CodeIgniter.php(340): CodeIgniter\CodeIgniter->handleRequest(NULL, Object(Config\Cache), false)
#10 C:\xampp\htdocs\restoran-ci4\bag-15\index.php(67): CodeIgniter\CodeIgniter->run()
#11 {main}
CRITICAL - 2022-11-28 19:16:38 --> Lock wait timeout exceeded; try restarting transaction
in SYSTEMPATH\Database\MySQLi\Connection.php on line 292.
 1 SYSTEMPATH\Database\MySQLi\Connection.php(292): mysqli->query('DELETE FROM `tblkategori`
WHERE `idkategori` IN (\'46\')', 0)
 2 SYSTEMPATH\Database\BaseConnection.php(693): CodeIgniter\Database\MySQLi\Connection->execute('DELETE FROM `tblkategori`
WHERE `idkategori` IN (\'46\')')
 3 SYSTEMPATH\Database\BaseConnection.php(620): CodeIgniter\Database\BaseConnection->simpleQuery('DELETE FROM `tblkategori`
WHERE `idkategori` IN (\'46\')')
 4 SYSTEMPATH\Database\BaseBuilder.php(2391): CodeIgniter\Database\BaseConnection->query('DELETE FROM `tblkategori`
WHERE `idkategori` IN :idkategori:', [...], false)
 5 SYSTEMPATH\Model.php(401): CodeIgniter\Database\BaseBuilder->delete()
 6 SYSTEMPATH\BaseModel.php(983): CodeIgniter\Model->doDelete([...], false)
 7 APPPATH\Controllers\Admin\kategori.php(85): CodeIgniter\BaseModel->delete([...])
 8 SYSTEMPATH\CodeIgniter.php(902): App\Controllers\Admin\kategori->delete('46')
 9 SYSTEMPATH\CodeIgniter.php(457): CodeIgniter\CodeIgniter->runController(Object(App\Controllers\Admin\kategori))
10 SYSTEMPATH\CodeIgniter.php(340): CodeIgniter\CodeIgniter->handleRequest(null, Object(Config\Cache), false)
11 FCPATH\index.php(67): CodeIgniter\CodeIgniter->run()
ERROR - 2022-11-28 19:16:57 --> mysqli_sql_exception: Lock wait timeout exceeded; try restarting transaction in C:\xampp\htdocs\restoran-ci4\bag-15\ci4\system\Database\MySQLi\Connection.php:292
Stack trace:
#0 C:\xampp\htdocs\restoran-ci4\bag-15\ci4\system\Database\MySQLi\Connection.php(292): mysqli->query('DELETE FROM `tb...', 0)
#1 C:\xampp\htdocs\restoran-ci4\bag-15\ci4\system\Database\BaseConnection.php(693): CodeIgniter\Database\MySQLi\Connection->execute('DELETE FROM `tb...')
#2 C:\xampp\htdocs\restoran-ci4\bag-15\ci4\system\Database\BaseConnection.php(620): CodeIgniter\Database\BaseConnection->simpleQuery('DELETE FROM `tb...')
#3 C:\xampp\htdocs\restoran-ci4\bag-15\ci4\system\Database\BaseBuilder.php(2391): CodeIgniter\Database\BaseConnection->query('DELETE FROM `tb...', Array, false)
#4 C:\xampp\htdocs\restoran-ci4\bag-15\ci4\system\Model.php(401): CodeIgniter\Database\BaseBuilder->delete()
#5 C:\xampp\htdocs\restoran-ci4\bag-15\ci4\system\BaseModel.php(983): CodeIgniter\Model->doDelete(Array, false)
#6 C:\xampp\htdocs\restoran-ci4\bag-15\ci4\app\Controllers\Admin\kategori.php(85): CodeIgniter\BaseModel->delete(Array)
#7 C:\xampp\htdocs\restoran-ci4\bag-15\ci4\system\CodeIgniter.php(902): App\Controllers\Admin\kategori->delete('46')
#8 C:\xampp\htdocs\restoran-ci4\bag-15\ci4\system\CodeIgniter.php(457): CodeIgniter\CodeIgniter->runController(Object(App\Controllers\Admin\kategori))
#9 C:\xampp\htdocs\restoran-ci4\bag-15\ci4\system\CodeIgniter.php(340): CodeIgniter\CodeIgniter->handleRequest(NULL, Object(Config\Cache), false)
#10 C:\xampp\htdocs\restoran-ci4\bag-15\index.php(67): CodeIgniter\CodeIgniter->run()
#11 {main}
ERROR - 2022-11-28 19:16:57 --> mysqli_sql_exception: Lock wait timeout exceeded; try restarting transaction in C:\xampp\htdocs\restoran-ci4\bag-15\ci4\system\Database\MySQLi\Connection.php:292
Stack trace:
#0 C:\xampp\htdocs\restoran-ci4\bag-15\ci4\system\Database\MySQLi\Connection.php(292): mysqli->query('DELETE FROM `tb...', 0)
#1 C:\xampp\htdocs\restoran-ci4\bag-15\ci4\system\Database\BaseConnection.php(693): CodeIgniter\Database\MySQLi\Connection->execute('DELETE FROM `tb...')
#2 C:\xampp\htdocs\restoran-ci4\bag-15\ci4\system\Database\BaseConnection.php(620): CodeIgniter\Database\BaseConnection->simpleQuery('DELETE FROM `tb...')
#3 C:\xampp\htdocs\restoran-ci4\bag-15\ci4\system\Database\BaseBuilder.php(2391): CodeIgniter\Database\BaseConnection->query('DELETE FROM `tb...', Array, false)
#4 C:\xampp\htdocs\restoran-ci4\bag-15\ci4\system\Model.php(401): CodeIgniter\Database\BaseBuilder->delete()
#5 C:\xampp\htdocs\restoran-ci4\bag-15\ci4\system\BaseModel.php(983): CodeIgniter\Model->doDelete(Array, false)
#6 C:\xampp\htdocs\restoran-ci4\bag-15\ci4\app\Controllers\Admin\kategori.php(85): CodeIgniter\BaseModel->delete(Array)
#7 C:\xampp\htdocs\restoran-ci4\bag-15\ci4\system\CodeIgniter.php(902): App\Controllers\Admin\kategori->delete('46')
#8 C:\xampp\htdocs\restoran-ci4\bag-15\ci4\system\CodeIgniter.php(457): CodeIgniter\CodeIgniter->runController(Object(App\Controllers\Admin\kategori))
#9 C:\xampp\htdocs\restoran-ci4\bag-15\ci4\system\CodeIgniter.php(340): CodeIgniter\CodeIgniter->handleRequest(NULL, Object(Config\Cache), false)
#10 C:\xampp\htdocs\restoran-ci4\bag-15\index.php(67): CodeIgniter\CodeIgniter->run()
#11 {main}
CRITICAL - 2022-11-28 19:16:57 --> Lock wait timeout exceeded; try restarting transaction
in SYSTEMPATH\Database\MySQLi\Connection.php on line 292.
 1 SYSTEMPATH\Database\MySQLi\Connection.php(292): mysqli->query('DELETE FROM `tblkategori`
WHERE `idkategori` IN (\'46\')', 0)
 2 SYSTEMPATH\Database\BaseConnection.php(693): CodeIgniter\Database\MySQLi\Connection->execute('DELETE FROM `tblkategori`
WHERE `idkategori` IN (\'46\')')
 3 SYSTEMPATH\Database\BaseConnection.php(620): CodeIgniter\Database\BaseConnection->simpleQuery('DELETE FROM `tblkategori`
WHERE `idkategori` IN (\'46\')')
 4 SYSTEMPATH\Database\BaseBuilder.php(2391): CodeIgniter\Database\BaseConnection->query('DELETE FROM `tblkategori`
WHERE `idkategori` IN :idkategori:', [...], false)
 5 SYSTEMPATH\Model.php(401): CodeIgniter\Database\BaseBuilder->delete()
 6 SYSTEMPATH\BaseModel.php(983): CodeIgniter\Model->doDelete([...], false)
 7 APPPATH\Controllers\Admin\kategori.php(85): CodeIgniter\BaseModel->delete([...])
 8 SYSTEMPATH\CodeIgniter.php(902): App\Controllers\Admin\kategori->delete('46')
 9 SYSTEMPATH\CodeIgniter.php(457): CodeIgniter\CodeIgniter->runController(Object(App\Controllers\Admin\kategori))
10 SYSTEMPATH\CodeIgniter.php(340): CodeIgniter\CodeIgniter->handleRequest(null, Object(Config\Cache), false)
11 FCPATH\index.php(67): CodeIgniter\CodeIgniter->run()
CRITICAL - 2022-11-28 19:16:57 --> Lock wait timeout exceeded; try restarting transaction
in SYSTEMPATH\Database\MySQLi\Connection.php on line 292.
 1 SYSTEMPATH\Database\MySQLi\Connection.php(292): mysqli->query('DELETE FROM `tblkategori`
WHERE `idkategori` IN (\'46\')', 0)
 2 SYSTEMPATH\Database\BaseConnection.php(693): CodeIgniter\Database\MySQLi\Connection->execute('DELETE FROM `tblkategori`
WHERE `idkategori` IN (\'46\')')
 3 SYSTEMPATH\Database\BaseConnection.php(620): CodeIgniter\Database\BaseConnection->simpleQuery('DELETE FROM `tblkategori`
WHERE `idkategori` IN (\'46\')')
 4 SYSTEMPATH\Database\BaseBuilder.php(2391): CodeIgniter\Database\BaseConnection->query('DELETE FROM `tblkategori`
WHERE `idkategori` IN :idkategori:', [...], false)
 5 SYSTEMPATH\Model.php(401): CodeIgniter\Database\BaseBuilder->delete()
 6 SYSTEMPATH\BaseModel.php(983): CodeIgniter\Model->doDelete([...], false)
 7 APPPATH\Controllers\Admin\kategori.php(85): CodeIgniter\BaseModel->delete([...])
 8 SYSTEMPATH\CodeIgniter.php(902): App\Controllers\Admin\kategori->delete('46')
 9 SYSTEMPATH\CodeIgniter.php(457): CodeIgniter\CodeIgniter->runController(Object(App\Controllers\Admin\kategori))
10 SYSTEMPATH\CodeIgniter.php(340): CodeIgniter\CodeIgniter->handleRequest(null, Object(Config\Cache), false)
11 FCPATH\index.php(67): CodeIgniter\CodeIgniter->run()
CRITICAL - 2022-11-28 19:18:06 --> Maximum execution time of 120 seconds exceeded
in SYSTEMPATH\Database\MySQLi\Connection.php on line 293.
 1 [internal function]: CodeIgniter\Debug\Exceptions->shutdownHandler()
CRITICAL - 2022-11-28 19:18:06 --> Maximum execution time of 120 seconds exceeded
in SYSTEMPATH\Database\MySQLi\Connection.php on line 293.
 1 [internal function]: CodeIgniter\Debug\Exceptions->shutdownHandler()
